<?xml version="1.0" encoding="UTF-8"?>
<testng-results skipped="0" failed="0" total="1" passed="1">
  <reporter-output>
  </reporter-output>
  <suite name="Default suite" duration-ms="60477" started-at="2018-04-04T06:18:30Z" finished-at="2018-04-04T06:19:31Z">
    <groups>
    </groups>
    <test name="Default test" duration-ms="60477" started-at="2018-04-04T06:18:30Z" finished-at="2018-04-04T06:19:31Z">
      <class name="com.gmail.update.UpadtedGmail">
        <test-method status="PASS" signature="makeitread()[pri:0, instance:com.gmail.update.UpadtedGmail@1b1473ab]" name="makeitread" is-config="true" duration-ms="15260" started-at="2018-04-04T11:48:30Z" finished-at="2018-04-04T11:48:46Z">
          <reporter-output>
          </reporter-output>
        </test-method> <!-- makeitread -->
        <test-method status="PASS" signature="run()[pri:0, instance:com.gmail.update.UpadtedGmail@1b1473ab]" name="run" duration-ms="34493" started-at="2018-04-04T11:48:46Z" finished-at="2018-04-04T11:49:20Z">
          <reporter-output>
          </reporter-output>
        </test-method> <!-- run -->
        <test-method status="PASS" signature="quit()[pri:0, instance:com.gmail.update.UpadtedGmail@1b1473ab]" name="quit" is-config="true" duration-ms="10712" started-at="2018-04-04T11:49:20Z" finished-at="2018-04-04T11:49:31Z">
          <reporter-output>
          </reporter-output>
        </test-method> <!-- quit -->
      </class> <!-- com.gmail.update.UpadtedGmail -->
    </test> <!-- Default test -->
  </suite> <!-- Default suite -->
</testng-results>
