<?xml version="1.0" encoding="UTF-8"?>
<testng-results skipped="0" failed="0" total="1" passed="1">
  <reporter-output>
  </reporter-output>
  <suite name="Default suite" duration-ms="25802" started-at="2018-04-03T09:21:15Z" finished-at="2018-04-03T09:21:41Z">
    <groups>
    </groups>
    <test name="Default test" duration-ms="25802" started-at="2018-04-03T09:21:15Z" finished-at="2018-04-03T09:21:41Z">
      <class name="com.gmail.update.UpadtedGmail">
        <test-method status="PASS" signature="makeitread()[pri:0, instance:com.gmail.update.UpadtedGmail@1b1473ab]" name="makeitread" is-config="true" duration-ms="13980" started-at="2018-04-03T14:51:15Z" finished-at="2018-04-03T14:51:29Z">
          <reporter-output>
          </reporter-output>
        </test-method> <!-- makeitread -->
        <test-method status="PASS" signature="run()[pri:0, instance:com.gmail.update.UpadtedGmail@1b1473ab]" name="run" duration-ms="6613" started-at="2018-04-03T14:51:29Z" finished-at="2018-04-03T14:51:36Z">
          <reporter-output>
          </reporter-output>
        </test-method> <!-- run -->
        <test-method status="PASS" signature="quit()[pri:0, instance:com.gmail.update.UpadtedGmail@1b1473ab]" name="quit" is-config="true" duration-ms="5197" started-at="2018-04-03T14:51:36Z" finished-at="2018-04-03T14:51:41Z">
          <reporter-output>
          </reporter-output>
        </test-method> <!-- quit -->
      </class> <!-- com.gmail.update.UpadtedGmail -->
    </test> <!-- Default test -->
  </suite> <!-- Default suite -->
</testng-results>
